[2018-11-20 22:26:27.920] [exthost] [info] extension host started
[2018-11-20 22:26:28.035] [exthost] [info] ExtensionService#_doActivateExtension vscode.debug-auto-launch {"startup":true,"activationEvent":"*"}
[2018-11-20 22:26:28.048] [exthost] [info] ExtensionService#loadCommonJSModule /usr/share/code/resources/app/extensions/debug-auto-launch/dist/extension
[2018-11-20 22:26:28.079] [exthost] [info] ExtensionService#_doActivateExtension vscode.emmet {"startup":true,"activationEvent":"*"}
[2018-11-20 22:26:28.079] [exthost] [info] ExtensionService#loadCommonJSModule /usr/share/code/resources/app/extensions/emmet/dist/extension
[2018-11-20 22:26:28.277] [exthost] [info] ExtensionService#_doActivateExtension vscode.git {"startup":true,"activationEvent":"*"}
[2018-11-20 22:26:28.280] [exthost] [info] ExtensionService#loadCommonJSModule /usr/share/code/resources/app/extensions/git/dist/main
[2018-11-20 22:26:28.726] [exthost] [info] ExtensionService#_doActivateExtension vscode.merge-conflict {"startup":true,"activationEvent":"*"}
[2018-11-20 22:26:28.726] [exthost] [info] ExtensionService#loadCommonJSModule /usr/share/code/resources/app/extensions/merge-conflict/dist/extension
[2018-11-20 22:26:28.803] [exthost] [info] ExtensionService#_doActivateExtension vscode.search-rg {"startup":true,"activationEvent":"*"}
[2018-11-20 22:26:28.803] [exthost] [info] ExtensionService#loadCommonJSModule /usr/share/code/resources/app/extensions/search-rg/dist/extension
[2018-11-20 22:26:28.847] [exthost] [info] eager extensions activated
[2018-11-20 22:26:28.884] [exthost] [info] ExtensionService#_doActivateExtension vscode.html-language-features {"startup":false,"activationEvent":"onLanguage:html"}
[2018-11-20 22:26:28.885] [exthost] [info] ExtensionService#loadCommonJSModule /usr/share/code/resources/app/extensions/html-language-features/client/dist/htmlMain
[2018-11-20 22:26:54.720] [exthost] [info] extension host started
[2018-11-20 22:26:54.915] [exthost] [info] ExtensionService#_doActivateExtension vscode.debug-auto-launch {"startup":true,"activationEvent":"*"}
[2018-11-20 22:26:54.916] [exthost] [info] ExtensionService#loadCommonJSModule /usr/share/code/resources/app/extensions/debug-auto-launch/dist/extension
[2018-11-20 22:26:54.982] [exthost] [info] ExtensionService#_doActivateExtension vscode.emmet {"startup":true,"activationEvent":"*"}
[2018-11-20 22:26:54.982] [exthost] [info] ExtensionService#loadCommonJSModule /usr/share/code/resources/app/extensions/emmet/dist/extension
[2018-11-20 22:26:55.156] [exthost] [info] ExtensionService#_doActivateExtension vscode.git {"startup":true,"activationEvent":"*"}
[2018-11-20 22:26:55.156] [exthost] [info] ExtensionService#loadCommonJSModule /usr/share/code/resources/app/extensions/git/dist/main
[2018-11-20 22:26:55.410] [exthost] [info] ExtensionService#_doActivateExtension vscode.merge-conflict {"startup":true,"activationEvent":"*"}
[2018-11-20 22:26:55.410] [exthost] [info] ExtensionService#loadCommonJSModule /usr/share/code/resources/app/extensions/merge-conflict/dist/extension
[2018-11-20 22:26:55.430] [exthost] [info] ExtensionService#_doActivateExtension vscode.search-rg {"startup":true,"activationEvent":"*"}
[2018-11-20 22:26:55.430] [exthost] [info] ExtensionService#loadCommonJSModule /usr/share/code/resources/app/extensions/search-rg/dist/extension
[2018-11-20 22:26:55.442] [exthost] [info] eager extensions activated
[2018-11-20 22:29:22.477] [exthost] [info] ExtensionService#_doActivateExtension vscode.css-language-features {"startup":false,"activationEvent":"onLanguage:css"}
[2018-11-20 22:29:22.477] [exthost] [info] ExtensionService#loadCommonJSModule /usr/share/code/resources/app/extensions/css-language-features/client/dist/cssMain
[2018-11-20 22:30:00.027] [exthost] [info] ExtensionService#_doActivateExtension vscode.typescript-language-features {"startup":false,"activationEvent":"onLanguage:javascript"}
[2018-11-20 22:30:00.027] [exthost] [info] ExtensionService#loadCommonJSModule /usr/share/code/resources/app/extensions/typescript-language-features/dist/extension
[2018-11-20 22:30:01.352] [exthost] [info] ExtensionService#_doActivateExtension octref.vetur {"startup":false,"activationEvent":"onLanguage:vue"}
[2018-11-20 22:30:01.352] [exthost] [info] ExtensionService#loadCommonJSModule /home/benjamin/.vscode/extensions/octref.vetur-0.13.0/dist/client/vueMain
[2018-11-20 22:30:15.679] [exthost] [info] ExtensionService#_doActivateExtension vscode.extension-editing {"startup":false,"activationEvent":"onLanguage:typescript"}
[2018-11-20 22:30:15.679] [exthost] [info] ExtensionService#loadCommonJSModule /usr/share/code/resources/app/extensions/extension-editing/dist/extension
[2018-11-20 22:40:22.516] [exthost] [info] ExtensionService#_doActivateExtension vscode.html-language-features {"startup":false,"activationEvent":"onLanguage:html"}
[2018-11-20 22:40:22.516] [exthost] [info] ExtensionService#loadCommonJSModule /usr/share/code/resources/app/extensions/html-language-features/client/dist/htmlMain
[2018-11-20 23:11:14.521] [exthost] [info] ExtensionService#_doActivateExtension vscode.configuration-editing {"startup":false,"activationEvent":"onLanguage:json"}
[2018-11-20 23:11:14.521] [exthost] [info] ExtensionService#loadCommonJSModule /usr/share/code/resources/app/extensions/configuration-editing/dist/extension
[2018-11-20 23:11:14.541] [exthost] [info] ExtensionService#_doActivateExtension vscode.json-language-features {"startup":false,"activationEvent":"onLanguage:json"}
[2018-11-20 23:11:14.541] [exthost] [info] ExtensionService#loadCommonJSModule /usr/share/code/resources/app/extensions/json-language-features/client/dist/jsonMain
[2018-11-20 23:11:14.745] [exthost] [info] ExtensionService#_doActivateExtension vscode.npm {"startup":false,"activationEvent":"onLanguage:json"}
[2018-11-20 23:11:14.745] [exthost] [info] ExtensionService#loadCommonJSModule /usr/share/code/resources/app/extensions/npm/dist/main
[2018-11-20 23:47:13.732] [exthost] [info] extension host started
[2018-11-20 23:47:13.779] [exthost] [info] ExtensionService#_doActivateExtension vscode.debug-auto-launch {"startup":true,"activationEvent":"*"}
[2018-11-20 23:47:13.779] [exthost] [info] ExtensionService#loadCommonJSModule /usr/share/code/resources/app/extensions/debug-auto-launch/dist/extension
[2018-11-20 23:47:13.791] [exthost] [info] ExtensionService#_doActivateExtension vscode.emmet {"startup":true,"activationEvent":"*"}
[2018-11-20 23:47:13.791] [exthost] [info] ExtensionService#loadCommonJSModule /usr/share/code/resources/app/extensions/emmet/dist/extension
[2018-11-20 23:47:13.845] [exthost] [info] ExtensionService#_doActivateExtension vscode.git {"startup":true,"activationEvent":"*"}
[2018-11-20 23:47:13.845] [exthost] [info] ExtensionService#loadCommonJSModule /usr/share/code/resources/app/extensions/git/dist/main
[2018-11-20 23:47:13.993] [exthost] [info] ExtensionService#_doActivateExtension vscode.merge-conflict {"startup":true,"activationEvent":"*"}
[2018-11-20 23:47:13.993] [exthost] [info] ExtensionService#loadCommonJSModule /usr/share/code/resources/app/extensions/merge-conflict/dist/extension
[2018-11-20 23:47:14.003] [exthost] [info] ExtensionService#_doActivateExtension vscode.search-rg {"startup":true,"activationEvent":"*"}
[2018-11-20 23:47:14.003] [exthost] [info] ExtensionService#loadCommonJSModule /usr/share/code/resources/app/extensions/search-rg/dist/extension
[2018-11-20 23:47:14.011] [exthost] [info] eager extensions activated
[2018-11-20 23:48:08.894] [exthost] [info] extension host started
[2018-11-20 23:48:08.941] [exthost] [info] ExtensionService#_doActivateExtension vscode.debug-auto-launch {"startup":true,"activationEvent":"*"}
[2018-11-20 23:48:08.942] [exthost] [info] ExtensionService#loadCommonJSModule /usr/share/code/resources/app/extensions/debug-auto-launch/dist/extension
[2018-11-20 23:48:08.954] [exthost] [info] ExtensionService#_doActivateExtension vscode.emmet {"startup":true,"activationEvent":"*"}
[2018-11-20 23:48:08.954] [exthost] [info] ExtensionService#loadCommonJSModule /usr/share/code/resources/app/extensions/emmet/dist/extension
[2018-11-20 23:48:09.015] [exthost] [info] ExtensionService#_doActivateExtension vscode.git {"startup":true,"activationEvent":"*"}
[2018-11-20 23:48:09.015] [exthost] [info] ExtensionService#loadCommonJSModule /usr/share/code/resources/app/extensions/git/dist/main
[2018-11-20 23:48:09.240] [exthost] [info] ExtensionService#_doActivateExtension vscode.merge-conflict {"startup":true,"activationEvent":"*"}
[2018-11-20 23:48:09.240] [exthost] [info] ExtensionService#loadCommonJSModule /usr/share/code/resources/app/extensions/merge-conflict/dist/extension
[2018-11-20 23:48:09.258] [exthost] [info] ExtensionService#_doActivateExtension vscode.search-rg {"startup":true,"activationEvent":"*"}
[2018-11-20 23:48:09.258] [exthost] [info] ExtensionService#loadCommonJSModule /usr/share/code/resources/app/extensions/search-rg/dist/extension
[2018-11-20 23:48:09.270] [exthost] [info] eager extensions activated
[2018-11-20 23:48:09.274] [exthost] [info] ExtensionService#_doActivateExtension vscode.typescript-language-features {"startup":false,"activationEvent":"onLanguage:javascript"}
[2018-11-20 23:48:09.274] [exthost] [info] ExtensionService#loadCommonJSModule /usr/share/code/resources/app/extensions/typescript-language-features/dist/extension
[2018-11-20 23:48:09.622] [exthost] [info] ExtensionService#_doActivateExtension octref.vetur {"startup":false,"activationEvent":"onLanguage:vue"}
[2018-11-20 23:48:09.622] [exthost] [info] ExtensionService#loadCommonJSModule /home/benjamin/.vscode/extensions/octref.vetur-0.13.0/dist/client/vueMain
[2018-11-21 00:00:14.446] [exthost] [info] extension host started
[2018-11-21 00:00:14.485] [exthost] [info] ExtensionService#_doActivateExtension vscode.debug-auto-launch {"startup":true,"activationEvent":"*"}
[2018-11-21 00:00:14.486] [exthost] [info] ExtensionService#loadCommonJSModule /usr/share/code/resources/app/extensions/debug-auto-launch/dist/extension
[2018-11-21 00:00:14.499] [exthost] [info] ExtensionService#_doActivateExtension vscode.emmet {"startup":true,"activationEvent":"*"}
[2018-11-21 00:00:14.499] [exthost] [info] ExtensionService#loadCommonJSModule /usr/share/code/resources/app/extensions/emmet/dist/extension
[2018-11-21 00:00:14.551] [exthost] [info] ExtensionService#_doActivateExtension vscode.git {"startup":true,"activationEvent":"*"}
[2018-11-21 00:00:14.551] [exthost] [info] ExtensionService#loadCommonJSModule /usr/share/code/resources/app/extensions/git/dist/main
[2018-11-21 00:00:14.724] [exthost] [info] ExtensionService#_doActivateExtension vscode.merge-conflict {"startup":true,"activationEvent":"*"}
[2018-11-21 00:00:14.724] [exthost] [info] ExtensionService#loadCommonJSModule /usr/share/code/resources/app/extensions/merge-conflict/dist/extension
[2018-11-21 00:00:14.737] [exthost] [info] ExtensionService#_doActivateExtension vscode.search-rg {"startup":true,"activationEvent":"*"}
[2018-11-21 00:00:14.737] [exthost] [info] ExtensionService#loadCommonJSModule /usr/share/code/resources/app/extensions/search-rg/dist/extension
[2018-11-21 00:00:14.748] [exthost] [info] eager extensions activated
[2018-11-21 00:01:32.787] [exthost] [info] ExtensionService#_doActivateExtension vscode.php-language-features {"startup":false,"activationEvent":"onLanguage:php"}
[2018-11-21 00:01:32.787] [exthost] [info] ExtensionService#loadCommonJSModule /usr/share/code/resources/app/extensions/php-language-features/dist/phpMain
[2018-11-21 00:04:27.719] [exthost] [info] extension host started
[2018-11-21 00:04:27.749] [exthost] [info] ExtensionService#_doActivateExtension vscode.debug-auto-launch {"startup":true,"activationEvent":"*"}
[2018-11-21 00:04:27.749] [exthost] [info] ExtensionService#loadCommonJSModule /usr/share/code/resources/app/extensions/debug-auto-launch/dist/extension
[2018-11-21 00:04:27.758] [exthost] [info] ExtensionService#_doActivateExtension vscode.emmet {"startup":true,"activationEvent":"*"}
[2018-11-21 00:04:27.758] [exthost] [info] ExtensionService#loadCommonJSModule /usr/share/code/resources/app/extensions/emmet/dist/extension
[2018-11-21 00:04:27.814] [exthost] [info] ExtensionService#_doActivateExtension vscode.git {"startup":true,"activationEvent":"*"}
[2018-11-21 00:04:27.814] [exthost] [info] ExtensionService#loadCommonJSModule /usr/share/code/resources/app/extensions/git/dist/main
[2018-11-21 00:04:28.055] [exthost] [info] ExtensionService#_doActivateExtension vscode.merge-conflict {"startup":true,"activationEvent":"*"}
[2018-11-21 00:04:28.055] [exthost] [info] ExtensionService#loadCommonJSModule /usr/share/code/resources/app/extensions/merge-conflict/dist/extension
[2018-11-21 00:04:28.070] [exthost] [info] ExtensionService#_doActivateExtension vscode.search-rg {"startup":true,"activationEvent":"*"}
[2018-11-21 00:04:28.070] [exthost] [info] ExtensionService#loadCommonJSModule /usr/share/code/resources/app/extensions/search-rg/dist/extension
[2018-11-21 00:04:28.080] [exthost] [info] eager extensions activated
[2018-11-21 00:04:28.085] [exthost] [info] ExtensionService#_doActivateExtension vscode.typescript-language-features {"startup":false,"activationEvent":"onLanguage:javascript"}
[2018-11-21 00:04:28.085] [exthost] [info] ExtensionService#loadCommonJSModule /usr/share/code/resources/app/extensions/typescript-language-features/dist/extension
[2018-11-21 00:04:45.377] [exthost] [info] ExtensionService#_doActivateExtension octref.vetur {"startup":false,"activationEvent":"onLanguage:vue"}
[2018-11-21 00:04:45.377] [exthost] [info] ExtensionService#loadCommonJSModule /home/benjamin/.vscode/extensions/octref.vetur-0.13.0/dist/client/vueMain
[2018-11-21 00:06:30.060] [exthost] [info] ExtensionService#_doActivateExtension vscode.extension-editing {"startup":false,"activationEvent":"onLanguage:typescript"}
[2018-11-21 00:06:30.060] [exthost] [info] ExtensionService#loadCommonJSModule /usr/share/code/resources/app/extensions/extension-editing/dist/extension
[2018-11-21 00:31:21.720] [exthost] [info] ExtensionService#_doActivateExtension vscode.html-language-features {"startup":false,"activationEvent":"onLanguage:html"}
[2018-11-21 00:31:21.720] [exthost] [info] ExtensionService#loadCommonJSModule /usr/share/code/resources/app/extensions/html-language-features/client/dist/htmlMain
