Looking for git in: git
Using git 2.17.1 from git
> git rev-parse --show-toplevel
> git config --get commit.template
Open repository: /home/benjamin/Projets/cpp_zia
> git status -z -u
> git symbolic-ref --short HEAD
> git rev-parse master
> git rev-parse --symbolic-full-name master@{u}
> git rev-list --left-right master...refs/remotes/origin/master
> git for-each-ref --format %(refname) %(objectname) --sort -committerdate
> git remote --verbose
> git check-ignore -z --stdin
> git check-ignore -z --stdin
> git check-ignore -z --stdin
> git check-ignore -z --stdin
> git show :core/modules-management/src/Configuration.cpp
> git show :core/modules-management/src/Configuration.hpp
> git show :core/modules-management/src/Test.cpp
> git show :core/modules-management/src/ModulesManagement.hpp
> git show :core/modules-management/src/Test.hpp
> git show :core/modules-management/src/Configuration.cpp
> git show :core/modules-management/src/Configuration.hpp
> git check-ignore -z --stdin
> git check-ignore -z --stdin
> git show :core/http-serv/src/ClientManager.cpp
> git show :core/http-serv/src/HttpResponse.cpp
> git show :core/modules-management/src/Configuration.hpp
> git show :core/modules-management/src/Configuration.cpp
