Looking for git in: git
Using git 2.17.1 from git
> git rev-parse --show-toplevel
> git config --get commit.template
Open repository: /home/benjamin/Projets/cpp_zia
> git status -z -u
> git symbolic-ref --short HEAD
> git rev-parse master
> git rev-parse --symbolic-full-name master@{u}
> git rev-list --left-right master...refs/remotes/origin/master
> git for-each-ref --format %(refname) %(objectname) --sort -committerdate
> git remote --verbose
> git show :core/modules-management/src/Configuration.cpp
> git check-ignore -z --stdin
> git show :core/http-serv/src/UnixClientSocket.cpp
> git show :core/http-serv/src/UnixListener.cpp
> git show :core/http-serv/src/UnixClientSocket.cpp
> git show :core/http-serv/src/UnixListener.cpp
> git show :core/http-serv/src/Utils.cpp
> git show :core/http-serv/src/WinClientSocket.cpp
> git show :core/http-serv/src/WinListener.cpp
> git show :core/http-serv/src/HttpParser.cpp
> git show :core/http-serv/src/HttpResponse.cpp
> git show :core/http-serv/src/HttpParser.cpp
> git show :core/http-serv/src/HttpResponseErrorFiller.cpp
> git show :core/http-serv/src/HttpResponse.cpp
> git show :core/http-serv/src/UnixClientSocket.cpp
> git show :core/http-serv/src/Utils.cpp
> git show :core/http-serv/src/WinClientSocket.cpp
> git show :core/http-serv/src/WinListener.cpp
> git check-ignore -z --stdin
> git show :modules/php-cgi/info.php
> git show :modules/php-cgi/main.cpp
> git show :modules/php-cgi/PhpCgi.cpp
